<?xml version="1.0" encoding="UTF-8"?>
<!-- Generated by org.testng.reporters.JUnitReportReporter -->
<testsuite hostname="LAPTOP-0739O0EI" failures="0" tests="1" name="testCases.TC_002_Login" time="2.288" errors="0" timestamp="2022-02-15T23:39:27 EST" skipped="0">
  <testcase classname="testCases.TC_002_Login" name="test_Login" time="2.288"/>
  <system-out/>
</testsuite> <!-- testCases.TC_002_Login -->
