<?xml version="1.0" encoding="UTF-8"?>
<!-- Generated by org.testng.reporters.JUnitReportReporter -->
<testsuite hostname="LAPTOP-0739O0EI" failures="0" tests="1" name="testCases.TC_001_AccountRegistration" time="2.396" errors="0" timestamp="2022-02-16T22:41:51 EST" skipped="0">
  <testcase classname="testCases.TC_001_AccountRegistration" name="test_accout_Registration" time="2.396"/>
  <system-out/>
</testsuite> <!-- testCases.TC_001_AccountRegistration -->
